<?xml version="1.0" encoding="utf-8"?><testsuites name="pytest tests"><testsuite name="pytest" errors="0" failures="0" skipped="0" tests="6" time="1.844" timestamp="2026-09-09T14:42:30.002812+00:00" hostname="runnervmejwal"><testcase classname="test.test_memory_record_metadata" name="test_bulk_episode_edit_invalidates_live_and_saved_faiss_vectors[v1]" time="0.374" /><testcase classname="test.test_memory_record_metadata" name="test_bulk_episode_edit_invalidates_live_and_saved_faiss_vectors[v2]" time="0.041" /><testcase classname="test.test_memory_record_metadata" name="test_another_process_vector_edit_cannot_reuse_old_faiss_scores_after_restart[v1]" time="0.026" /><testcase classname="test.test_memory_record_metadata" name="test_another_process_vector_edit_cannot_reuse_old_faiss_scores_after_restart[v2]" time="0.035" /><testcase classname="test.test_memory_v1_acceleration" name="test_v1_forgotten_row_keeps_resident_numpy_scoring" time="0.026" /><testcase classname="test.test_memory_v1_acceleration" name="test_v1_faiss_overfetches_past_forgotten_top_hits" time="0.035" /></testsuite></testsuites>